# JRE version: Java(TM) SE Runtime Environment (8.0_151-b12) (build 1.8.0_151-b12)
# Java VM: Java HotSpot(TM) 64-Bit Server VM (25.151-b12 mixed mode windows-amd64 compressed oops)
Heap:
 PSYoungGen      total 37888K, used 5161K [0x00000000d6180000, 0x00000000d8b80000, 0x0000000100000000)
  eden space 32768K, 15% used [0x00000000d6180000,0x00000000d668a7f8,0x00000000d8180000)
  from space 5120K, 0% used [0x00000000d8180000,0x00000000d8180000,0x00000000d8680000)
  to   space 5120K, 0% used [0x00000000d8680000,0x00000000d8680000,0x00000000d8b80000)
 ParOldGen       total 201728K, used 140609K [0x0000000082400000, 0x000000008e900000, 0x00000000d6180000)
  object space 201728K, 69% used [0x0000000082400000,0x000000008ad504c0,0x000000008e900000)
 Metaspace       used 21393K, capacity 21602K, committed 21888K, reserved 1069056K
  class space    used 2514K, capacity 2605K, committed 2688K, reserved 1048576K
GC Heap History (10 events):
Event: 0.779 GC heap before
{Heap before GC invocations=1 (full 0):
 PSYoungGen      total 37888K, used 32768K [0x00000000d6180000, 0x00000000d8b80000, 0x0000000100000000)
  eden space 32768K, 100% used [0x00000000d6180000,0x00000000d8180000,0x00000000d8180000)
  from space 5120K, 0% used [0x00000000d8680000,0x00000000d8680000,0x00000000d8b80000)
  to   space 5120K, 0% used [0x00000000d8180000,0x00000000d8180000,0x00000000d8680000)
 ParOldGen       total 86016K, used 0K [0x0000000082400000, 0x0000000087800000, 0x00000000d6180000)
  object space 86016K, 0% used [0x0000000082400000,0x0000000082400000,0x0000000087800000)
 Metaspace       used 13002K, capacity 13188K, committed 13440K, reserved 1060864K
  class space    used 1558K, capacity 1624K, committed 1664K, reserved 1048576K
Event: 0.785 GC heap after
Heap after GC invocations=1 (full 0):
 PSYoungGen      total 37888K, used 5105K [0x00000000d6180000, 0x00000000d8b80000, 0x0000000100000000)
  eden space 32768K, 0% used [0x00000000d6180000,0x00000000d6180000,0x00000000d8180000)
  from space 5120K, 99% used [0x00000000d8180000,0x00000000d867c6a8,0x00000000d8680000)
  to   space 5120K, 0% used [0x00000000d8680000,0x00000000d8680000,0x00000000d8b80000)
 ParOldGen       total 86016K, used 2538K [0x0000000082400000, 0x0000000087800000, 0x00000000d6180000)
  object space 86016K, 2% used [0x0000000082400000,0x000000008267ab88,0x0000000087800000)
 Metaspace       used 13002K, capacity 13188K, committed 13440K, reserved 1060864K
  class space    used 1558K, capacity 1624K, committed 1664K, reserved 1048576K
}
Event: 4.570 GC heap before
{Heap before GC invocations=2 (full 0):
 PSYoungGen      total 37888K, used 37873K [0x00000000d6180000, 0x00000000d8b80000, 0x0000000100000000)
  eden space 32768K, 100% used [0x00000000d6180000,0x00000000d8180000,0x00000000d8180000)
  from space 5120K, 99% used [0x00000000d8180000,0x00000000d867c6a8,0x00000000d8680000)
  to   space 5120K, 0% used [0x00000000d8680000,0x00000000d8680000,0x00000000d8b80000)
 ParOldGen       total 86016K, used 2538K [0x0000000082400000, 0x0000000087800000, 0x00000000d6180000)
  object space 86016K, 2% used [0x0000000082400000,0x000000008267ab88,0x0000000087800000)
 Metaspace       used 16878K, capacity 16996K, committed 17152K, reserved 1064960K
  class space    used 1986K, capacity 2040K, committed 2048K, reserved 1048576K
Event: 4.582 GC heap after
Heap after GC invocations=2 (full 0):
 PSYoungGen      total 37888K, used 5092K [0x00000000d6180000, 0x00000000d8b80000, 0x0000000100000000)
  eden space 32768K, 0% used [0x00000000d6180000,0x00000000d6180000,0x00000000d8180000)
  from space 5120K, 99% used [0x00000000d8680000,0x00000000d8b790c0,0x00000000d8b80000)
  to   space 5120K, 0% used [0x00000000d8180000,0x00000000d8180000,0x00000000d8680000)
 ParOldGen       total 86016K, used 20998K [0x0000000082400000, 0x0000000087800000, 0x00000000d6180000)
  object space 86016K, 24% used [0x0000000082400000,0x00000000838819c8,0x0000000087800000)
 Metaspace       used 16878K, capacity 16996K, committed 17152K, reserved 1064960K
  class space    used 1986K, capacity 2040K, committed 2048K, reserved 1048576K
}
Event: 21.361 GC heap before
{Heap before GC invocations=3 (full 1):
 PSYoungGen      total 37888K, used 37860K [0x00000000d6180000, 0x00000000d8b80000, 0x0000000100000000)
  eden space 32768K, 100% used [0x00000000d6180000,0x00000000d8180000,0x00000000d8180000)
  from space 5120K, 99% used [0x00000000d8680000,0x00000000d8b790c0,0x00000000d8b80000)
  to   space 5120K, 0% used [0x00000000d8180000,0x00000000d8180000,0x00000000d8680000)
 ParOldGen       total 86016K, used 70150K [0x0000000082400000, 0x0000000087800000, 0x00000000d6180000)
  object space 86016K, 81% used [0x0000000082400000,0x00000000868819f8,0x0000000087800000)
 Metaspace       used 20090K, capacity 20322K, committed 20736K, reserved 1067008K
  class space    used 2356K, capacity 2439K, committed 2560K, reserved 1048576K
Event: 21.408 GC heap after
Heap after GC invocations=3 (full 1):
 PSYoungGen      total 37888K, used 5069K [0x00000000d6180000, 0x00000000d8b80000, 0x0000000100000000)
  eden space 32768K, 15% used [0x00000000d6180000,0x00000000d66734c8,0x00000000d8180000)
  from space 5120K, 0% used [0x00000000d8680000,0x00000000d8680000,0x00000000d8b80000)
  to   space 5120K, 0% used [0x00000000d8180000,0x00000000d8180000,0x00000000d8680000)
 ParOldGen       total 141312K, used 85974K [0x0000000082400000, 0x000000008ae00000, 0x00000000d6180000)
  object space 141312K, 60% used [0x0000000082400000,0x00000000877f5910,0x000000008ae00000)
 Metaspace       used 20090K, capacity 20322K, committed 20736K, reserved 1067008K
  class space    used 2356K, capacity 2439K, committed 2560K, reserved 1048576K
}
Event: 183.622 GC heap before
{Heap before GC invocations=4 (full 1):
 PSYoungGen      total 37888K, used 32768K [0x00000000d6180000, 0x00000000d8b80000, 0x0000000100000000)
  eden space 32768K, 100% used [0x00000000d6180000,0x00000000d8180000,0x00000000d8180000)
  from space 5120K, 0% used [0x00000000d8680000,0x00000000d8680000,0x00000000d8b80000)
  to   space 5120K, 0% used [0x00000000d8180000,0x00000000d8180000,0x00000000d8680000)
 ParOldGen       total 141312K, used 118742K [0x0000000082400000, 0x000000008ae00000, 0x00000000d6180000)
  object space 141312K, 84% used [0x0000000082400000,0x00000000897f5930,0x000000008ae00000)
 Metaspace       used 21336K, capacity 21602K, committed 21888K, reserved 1069056K
  class space    used 2514K, capacity 2605K, committed 2688K, reserved 1048576K
Event: 183.635 GC heap after
Heap after GC invocations=4 (full 1):
 PSYoungGen      total 37888K, used 5104K [0x00000000d6180000, 0x00000000d8b80000, 0x0000000100000000)
  eden space 32768K, 0% used [0x00000000d6180000,0x00000000d6180000,0x00000000d8180000)
  from space 5120K, 99% used [0x00000000d8180000,0x00000000d867c040,0x00000000d8680000)
  to   space 5120K, 0% used [0x00000000d8680000,0x00000000d8680000,0x00000000d8b80000)
 ParOldGen       total 141312K, used 136797K [0x0000000082400000, 0x000000008ae00000, 0x00000000d6180000)
  object space 141312K, 96% used [0x0000000082400000,0x000000008a997680,0x000000008ae00000)
 Metaspace       used 21336K, capacity 21602K, committed 21888K, reserved 1069056K
  class space    used 2514K, capacity 2605K, committed 2688K, reserved 1048576K
}
Event: 183.635 GC heap before
{Heap before GC invocations=5 (full 2):
 PSYoungGen      total 37888K, used 5104K [0x00000000d6180000, 0x00000000d8b80000, 0x0000000100000000)
  eden space 32768K, 0% used [0x00000000d6180000,0x00000000d6180000,0x00000000d8180000)
  from space 5120K, 99% used [0x00000000d8180000,0x00000000d867c040,0x00000000d8680000)
  to   space 5120K, 0% used [0x00000000d8680000,0x00000000d8680000,0x00000000d8b80000)
 ParOldGen       total 141312K, used 136797K [0x0000000082400000, 0x000000008ae00000, 0x00000000d6180000)
  object space 141312K, 96% used [0x0000000082400000,0x000000008a997680,0x000000008ae00000)
 Metaspace       used 21336K, capacity 21602K, committed 21888K, reserved 1069056K
  class space    used 2514K, capacity 2605K, committed 2688K, reserved 1048576K
Event: 183.679 GC heap after
Heap after GC invocations=5 (full 2):
 PSYoungGen      total 37888K, used 0K [0x00000000d6180000, 0x00000000d8b80000, 0x0000000100000000)
  eden space 32768K, 0% used [0x00000000d6180000,0x00000000d6180000,0x00000000d8180000)
  from space 5120K, 0% used [0x00000000d8180000,0x00000000d8180000,0x00000000d8680000)
  to   space 5120K, 0% used [0x00000000d8680000,0x00000000d8680000,0x00000000d8b80000)
 ParOldGen       total 201728K, used 140609K [0x0000000082400000, 0x000000008e900000, 0x00000000d6180000)
  object space 201728K, 69% used [0x0000000082400000,0x000000008ad504c0,0x000000008e900000)
 Metaspace       used 21336K, capacity 21602K, committed 21888K, reserved 1069056K
  class space    used 2514K, capacity 2605K, committed 2688K, reserved 1048576K
}

